CRITICAL - 2021-04-04 00:36:42 --> Call to a member function view() on null
#0 C:\wamp64\www\wiplayer\system\View\View.php(220): include()
#1 C:\wamp64\www\wiplayer\system\View\View.php(222): CodeIgniter\View\View->CodeIgniter\View\{closure}()
#2 C:\wamp64\www\wiplayer\system\Common.php(1217): CodeIgniter\View\View->render('template/home_v...', Array, true)
#3 C:\wamp64\www\wiplayer\app\Controllers\Home.php(10): view('template/home_v...')
#4 C:\wamp64\www\wiplayer\system\CodeIgniter.php(936): App\Controllers\Home->index()
#5 C:\wamp64\www\wiplayer\system\CodeIgniter.php(432): CodeIgniter\CodeIgniter->runController(Object(App\Controllers\Home))
#6 C:\wamp64\www\wiplayer\system\CodeIgniter.php(333): CodeIgniter\CodeIgniter->handleRequest(NULL, Object(Config\Cache), false)
#7 C:\wamp64\www\wiplayer\public\index.php(44): CodeIgniter\CodeIgniter->run()
#8 C:\wamp64\www\wiplayer\system\Commands\Server\rewrite.php(45): require_once('C:\\wamp64\\www\\w...')
#9 {main}
CRITICAL - 2021-04-04 00:36:57 --> Call to a member function view() on null
#0 C:\wamp64\www\wiplayer\system\View\View.php(220): include()
#1 C:\wamp64\www\wiplayer\system\View\View.php(222): CodeIgniter\View\View->CodeIgniter\View\{closure}()
#2 C:\wamp64\www\wiplayer\system\Common.php(1217): CodeIgniter\View\View->render('template/home_v...', Array, true)
#3 C:\wamp64\www\wiplayer\app\Controllers\Home.php(10): view('template/home_v...')
#4 C:\wamp64\www\wiplayer\system\CodeIgniter.php(936): App\Controllers\Home->index()
#5 C:\wamp64\www\wiplayer\system\CodeIgniter.php(432): CodeIgniter\CodeIgniter->runController(Object(App\Controllers\Home))
#6 C:\wamp64\www\wiplayer\system\CodeIgniter.php(333): CodeIgniter\CodeIgniter->handleRequest(NULL, Object(Config\Cache), false)
#7 C:\wamp64\www\wiplayer\public\index.php(44): CodeIgniter\CodeIgniter->run()
#8 C:\wamp64\www\wiplayer\system\Commands\Server\rewrite.php(45): require_once('C:\\wamp64\\www\\w...')
#9 {main}
CRITICAL - 2021-04-04 00:36:59 --> Call to a member function view() on null
#0 C:\wamp64\www\wiplayer\system\View\View.php(220): include()
#1 C:\wamp64\www\wiplayer\system\View\View.php(222): CodeIgniter\View\View->CodeIgniter\View\{closure}()
#2 C:\wamp64\www\wiplayer\system\Common.php(1217): CodeIgniter\View\View->render('template/home_v...', Array, true)
#3 C:\wamp64\www\wiplayer\app\Controllers\Home.php(10): view('template/home_v...')
#4 C:\wamp64\www\wiplayer\system\CodeIgniter.php(936): App\Controllers\Home->index()
#5 C:\wamp64\www\wiplayer\system\CodeIgniter.php(432): CodeIgniter\CodeIgniter->runController(Object(App\Controllers\Home))
#6 C:\wamp64\www\wiplayer\system\CodeIgniter.php(333): CodeIgniter\CodeIgniter->handleRequest(NULL, Object(Config\Cache), false)
#7 C:\wamp64\www\wiplayer\public\index.php(44): CodeIgniter\CodeIgniter->run()
#8 C:\wamp64\www\wiplayer\system\Commands\Server\rewrite.php(45): require_once('C:\\wamp64\\www\\w...')
#9 {main}
CRITICAL - 2021-04-04 00:41:29 --> Call to a member function view() on null
#0 C:\wamp64\www\wiplayer\system\View\View.php(220): include()
#1 C:\wamp64\www\wiplayer\system\View\View.php(222): CodeIgniter\View\View->CodeIgniter\View\{closure}()
#2 C:\wamp64\www\wiplayer\system\Common.php(1217): CodeIgniter\View\View->render('template/home_v...', Array, true)
#3 C:\wamp64\www\wiplayer\app\Controllers\Home.php(11): view('template/home_v...', Array)
#4 C:\wamp64\www\wiplayer\system\CodeIgniter.php(936): App\Controllers\Home->index()
#5 C:\wamp64\www\wiplayer\system\CodeIgniter.php(432): CodeIgniter\CodeIgniter->runController(Object(App\Controllers\Home))
#6 C:\wamp64\www\wiplayer\system\CodeIgniter.php(333): CodeIgniter\CodeIgniter->handleRequest(NULL, Object(Config\Cache), false)
#7 C:\wamp64\www\wiplayer\public\index.php(44): CodeIgniter\CodeIgniter->run()
#8 C:\wamp64\www\wiplayer\system\Commands\Server\rewrite.php(45): require_once('C:\\wamp64\\www\\w...')
#9 {main}
CRITICAL - 2021-04-04 00:43:26 --> Call to a member function view() on null
#0 C:\wamp64\www\wiplayer\system\View\View.php(220): include()
#1 C:\wamp64\www\wiplayer\system\View\View.php(222): CodeIgniter\View\View->CodeIgniter\View\{closure}()
#2 C:\wamp64\www\wiplayer\system\Common.php(1217): CodeIgniter\View\View->render('template/home_v...', Array, true)
#3 C:\wamp64\www\wiplayer\app\Controllers\Home.php(11): view('template/home_v...', Array)
#4 C:\wamp64\www\wiplayer\system\CodeIgniter.php(936): App\Controllers\Home->index()
#5 C:\wamp64\www\wiplayer\system\CodeIgniter.php(432): CodeIgniter\CodeIgniter->runController(Object(App\Controllers\Home))
#6 C:\wamp64\www\wiplayer\system\CodeIgniter.php(333): CodeIgniter\CodeIgniter->handleRequest(NULL, Object(Config\Cache), false)
#7 C:\wamp64\www\wiplayer\public\index.php(44): CodeIgniter\CodeIgniter->run()
#8 C:\wamp64\www\wiplayer\system\Commands\Server\rewrite.php(45): require_once('C:\\wamp64\\www\\w...')
#9 {main}
CRITICAL - 2021-04-04 00:44:27 --> Call to a member function view() on null
#0 C:\wamp64\www\wiplayer\system\View\View.php(220): include()
#1 C:\wamp64\www\wiplayer\system\View\View.php(222): CodeIgniter\View\View->CodeIgniter\View\{closure}()
#2 C:\wamp64\www\wiplayer\system\Common.php(1217): CodeIgniter\View\View->render('template/home_v...', Array, true)
#3 C:\wamp64\www\wiplayer\app\Controllers\Home.php(12): view('template/home_v...', Array)
#4 C:\wamp64\www\wiplayer\system\CodeIgniter.php(936): App\Controllers\Home->index()
#5 C:\wamp64\www\wiplayer\system\CodeIgniter.php(432): CodeIgniter\CodeIgniter->runController(Object(App\Controllers\Home))
#6 C:\wamp64\www\wiplayer\system\CodeIgniter.php(333): CodeIgniter\CodeIgniter->handleRequest(NULL, Object(Config\Cache), false)
#7 C:\wamp64\www\wiplayer\public\index.php(44): CodeIgniter\CodeIgniter->run()
#8 C:\wamp64\www\wiplayer\system\Commands\Server\rewrite.php(45): require_once('C:\\wamp64\\www\\w...')
#9 {main}
CRITICAL - 2021-04-04 00:44:29 --> Call to a member function view() on null
#0 C:\wamp64\www\wiplayer\system\View\View.php(220): include()
#1 C:\wamp64\www\wiplayer\system\View\View.php(222): CodeIgniter\View\View->CodeIgniter\View\{closure}()
#2 C:\wamp64\www\wiplayer\system\Common.php(1217): CodeIgniter\View\View->render('template/home_v...', Array, true)
#3 C:\wamp64\www\wiplayer\app\Controllers\Home.php(12): view('template/home_v...', Array)
#4 C:\wamp64\www\wiplayer\system\CodeIgniter.php(936): App\Controllers\Home->index()
#5 C:\wamp64\www\wiplayer\system\CodeIgniter.php(432): CodeIgniter\CodeIgniter->runController(Object(App\Controllers\Home))
#6 C:\wamp64\www\wiplayer\system\CodeIgniter.php(333): CodeIgniter\CodeIgniter->handleRequest(NULL, Object(Config\Cache), false)
#7 C:\wamp64\www\wiplayer\public\index.php(44): CodeIgniter\CodeIgniter->run()
#8 C:\wamp64\www\wiplayer\system\Commands\Server\rewrite.php(45): require_once('C:\\wamp64\\www\\w...')
#9 {main}
CRITICAL - 2021-04-04 00:46:02 --> Call to a member function view() on null
#0 C:\wamp64\www\wiplayer\system\View\View.php(220): include()
#1 C:\wamp64\www\wiplayer\system\View\View.php(222): CodeIgniter\View\View->CodeIgniter\View\{closure}()
#2 C:\wamp64\www\wiplayer\system\Common.php(1217): CodeIgniter\View\View->render('template/home_v...', Array, true)
#3 C:\wamp64\www\wiplayer\app\Controllers\Home.php(12): view('template/home_v...', Array)
#4 C:\wamp64\www\wiplayer\system\CodeIgniter.php(936): App\Controllers\Home->index()
#5 C:\wamp64\www\wiplayer\system\CodeIgniter.php(432): CodeIgniter\CodeIgniter->runController(Object(App\Controllers\Home))
#6 C:\wamp64\www\wiplayer\system\CodeIgniter.php(333): CodeIgniter\CodeIgniter->handleRequest(NULL, Object(Config\Cache), false)
#7 C:\wamp64\www\wiplayer\public\index.php(44): CodeIgniter\CodeIgniter->run()
#8 C:\wamp64\www\wiplayer\system\Commands\Server\rewrite.php(45): require_once('C:\\wamp64\\www\\w...')
#9 {main}
CRITICAL - 2021-04-04 00:47:14 --> Call to a member function view() on null
#0 C:\wamp64\www\wiplayer\system\View\View.php(220): include()
#1 C:\wamp64\www\wiplayer\system\View\View.php(222): CodeIgniter\View\View->CodeIgniter\View\{closure}()
#2 C:\wamp64\www\wiplayer\system\Common.php(1217): CodeIgniter\View\View->render('template/home_v...', Array, true)
#3 C:\wamp64\www\wiplayer\app\Controllers\Home.php(12): view('template/home_v...')
#4 C:\wamp64\www\wiplayer\system\CodeIgniter.php(936): App\Controllers\Home->index()
#5 C:\wamp64\www\wiplayer\system\CodeIgniter.php(432): CodeIgniter\CodeIgniter->runController(Object(App\Controllers\Home))
#6 C:\wamp64\www\wiplayer\system\CodeIgniter.php(333): CodeIgniter\CodeIgniter->handleRequest(NULL, Object(Config\Cache), false)
#7 C:\wamp64\www\wiplayer\public\index.php(44): CodeIgniter\CodeIgniter->run()
#8 C:\wamp64\www\wiplayer\system\Commands\Server\rewrite.php(45): require_once('C:\\wamp64\\www\\w...')
#9 {main}
CRITICAL - 2021-04-04 00:47:15 --> Call to a member function view() on null
#0 C:\wamp64\www\wiplayer\system\View\View.php(220): include()
#1 C:\wamp64\www\wiplayer\system\View\View.php(222): CodeIgniter\View\View->CodeIgniter\View\{closure}()
#2 C:\wamp64\www\wiplayer\system\Common.php(1217): CodeIgniter\View\View->render('template/home_v...', Array, true)
#3 C:\wamp64\www\wiplayer\app\Controllers\Home.php(12): view('template/home_v...')
#4 C:\wamp64\www\wiplayer\system\CodeIgniter.php(936): App\Controllers\Home->index()
#5 C:\wamp64\www\wiplayer\system\CodeIgniter.php(432): CodeIgniter\CodeIgniter->runController(Object(App\Controllers\Home))
#6 C:\wamp64\www\wiplayer\system\CodeIgniter.php(333): CodeIgniter\CodeIgniter->handleRequest(NULL, Object(Config\Cache), false)
#7 C:\wamp64\www\wiplayer\public\index.php(44): CodeIgniter\CodeIgniter->run()
#8 C:\wamp64\www\wiplayer\system\Commands\Server\rewrite.php(45): require_once('C:\\wamp64\\www\\w...')
#9 {main}
CRITICAL - 2021-04-04 00:47:16 --> Call to a member function view() on null
#0 C:\wamp64\www\wiplayer\system\View\View.php(220): include()
#1 C:\wamp64\www\wiplayer\system\View\View.php(222): CodeIgniter\View\View->CodeIgniter\View\{closure}()
#2 C:\wamp64\www\wiplayer\system\Common.php(1217): CodeIgniter\View\View->render('template/home_v...', Array, true)
#3 C:\wamp64\www\wiplayer\app\Controllers\Home.php(12): view('template/home_v...')
#4 C:\wamp64\www\wiplayer\system\CodeIgniter.php(936): App\Controllers\Home->index()
#5 C:\wamp64\www\wiplayer\system\CodeIgniter.php(432): CodeIgniter\CodeIgniter->runController(Object(App\Controllers\Home))
#6 C:\wamp64\www\wiplayer\system\CodeIgniter.php(333): CodeIgniter\CodeIgniter->handleRequest(NULL, Object(Config\Cache), false)
#7 C:\wamp64\www\wiplayer\public\index.php(44): CodeIgniter\CodeIgniter->run()
#8 C:\wamp64\www\wiplayer\system\Commands\Server\rewrite.php(45): require_once('C:\\wamp64\\www\\w...')
#9 {main}
CRITICAL - 2021-04-04 00:47:17 --> Call to a member function view() on null
#0 C:\wamp64\www\wiplayer\system\View\View.php(220): include()
#1 C:\wamp64\www\wiplayer\system\View\View.php(222): CodeIgniter\View\View->CodeIgniter\View\{closure}()
#2 C:\wamp64\www\wiplayer\system\Common.php(1217): CodeIgniter\View\View->render('template/home_v...', Array, true)
#3 C:\wamp64\www\wiplayer\app\Controllers\Home.php(12): view('template/home_v...')
#4 C:\wamp64\www\wiplayer\system\CodeIgniter.php(936): App\Controllers\Home->index()
#5 C:\wamp64\www\wiplayer\system\CodeIgniter.php(432): CodeIgniter\CodeIgniter->runController(Object(App\Controllers\Home))
#6 C:\wamp64\www\wiplayer\system\CodeIgniter.php(333): CodeIgniter\CodeIgniter->handleRequest(NULL, Object(Config\Cache), false)
#7 C:\wamp64\www\wiplayer\public\index.php(44): CodeIgniter\CodeIgniter->run()
#8 C:\wamp64\www\wiplayer\system\Commands\Server\rewrite.php(45): require_once('C:\\wamp64\\www\\w...')
#9 {main}
CRITICAL - 2021-04-04 00:47:17 --> Call to a member function view() on null
#0 C:\wamp64\www\wiplayer\system\View\View.php(220): include()
#1 C:\wamp64\www\wiplayer\system\View\View.php(222): CodeIgniter\View\View->CodeIgniter\View\{closure}()
#2 C:\wamp64\www\wiplayer\system\Common.php(1217): CodeIgniter\View\View->render('template/home_v...', Array, true)
#3 C:\wamp64\www\wiplayer\app\Controllers\Home.php(12): view('template/home_v...')
#4 C:\wamp64\www\wiplayer\system\CodeIgniter.php(936): App\Controllers\Home->index()
#5 C:\wamp64\www\wiplayer\system\CodeIgniter.php(432): CodeIgniter\CodeIgniter->runController(Object(App\Controllers\Home))
#6 C:\wamp64\www\wiplayer\system\CodeIgniter.php(333): CodeIgniter\CodeIgniter->handleRequest(NULL, Object(Config\Cache), false)
#7 C:\wamp64\www\wiplayer\public\index.php(44): CodeIgniter\CodeIgniter->run()
#8 C:\wamp64\www\wiplayer\system\Commands\Server\rewrite.php(45): require_once('C:\\wamp64\\www\\w...')
#9 {main}
CRITICAL - 2021-04-04 00:47:17 --> Call to a member function view() on null
#0 C:\wamp64\www\wiplayer\system\View\View.php(220): include()
#1 C:\wamp64\www\wiplayer\system\View\View.php(222): CodeIgniter\View\View->CodeIgniter\View\{closure}()
#2 C:\wamp64\www\wiplayer\system\Common.php(1217): CodeIgniter\View\View->render('template/home_v...', Array, true)
#3 C:\wamp64\www\wiplayer\app\Controllers\Home.php(12): view('template/home_v...')
#4 C:\wamp64\www\wiplayer\system\CodeIgniter.php(936): App\Controllers\Home->index()
#5 C:\wamp64\www\wiplayer\system\CodeIgniter.php(432): CodeIgniter\CodeIgniter->runController(Object(App\Controllers\Home))
#6 C:\wamp64\www\wiplayer\system\CodeIgniter.php(333): CodeIgniter\CodeIgniter->handleRequest(NULL, Object(Config\Cache), false)
#7 C:\wamp64\www\wiplayer\public\index.php(44): CodeIgniter\CodeIgniter->run()
#8 C:\wamp64\www\wiplayer\system\Commands\Server\rewrite.php(45): require_once('C:\\wamp64\\www\\w...')
#9 {main}
CRITICAL - 2021-04-04 00:47:22 --> Call to a member function view() on null
#0 C:\wamp64\www\wiplayer\system\View\View.php(220): include()
#1 C:\wamp64\www\wiplayer\system\View\View.php(222): CodeIgniter\View\View->CodeIgniter\View\{closure}()
#2 C:\wamp64\www\wiplayer\system\Common.php(1217): CodeIgniter\View\View->render('template/home_v...', Array, true)
#3 C:\wamp64\www\wiplayer\app\Controllers\Home.php(12): view('template/home_v...')
#4 C:\wamp64\www\wiplayer\system\CodeIgniter.php(936): App\Controllers\Home->index()
#5 C:\wamp64\www\wiplayer\system\CodeIgniter.php(432): CodeIgniter\CodeIgniter->runController(Object(App\Controllers\Home))
#6 C:\wamp64\www\wiplayer\system\CodeIgniter.php(333): CodeIgniter\CodeIgniter->handleRequest(NULL, Object(Config\Cache), false)
#7 C:\wamp64\www\wiplayer\public\index.php(44): CodeIgniter\CodeIgniter->run()
#8 C:\wamp64\www\wiplayer\system\Commands\Server\rewrite.php(45): require_once('C:\\wamp64\\www\\w...')
#9 {main}
CRITICAL - 2021-04-04 00:47:22 --> Call to a member function view() on null
#0 C:\wamp64\www\wiplayer\system\View\View.php(220): include()
#1 C:\wamp64\www\wiplayer\system\View\View.php(222): CodeIgniter\View\View->CodeIgniter\View\{closure}()
#2 C:\wamp64\www\wiplayer\system\Common.php(1217): CodeIgniter\View\View->render('template/home_v...', Array, true)
#3 C:\wamp64\www\wiplayer\app\Controllers\Home.php(12): view('template/home_v...')
#4 C:\wamp64\www\wiplayer\system\CodeIgniter.php(936): App\Controllers\Home->index()
#5 C:\wamp64\www\wiplayer\system\CodeIgniter.php(432): CodeIgniter\CodeIgniter->runController(Object(App\Controllers\Home))
#6 C:\wamp64\www\wiplayer\system\CodeIgniter.php(333): CodeIgniter\CodeIgniter->handleRequest(NULL, Object(Config\Cache), false)
#7 C:\wamp64\www\wiplayer\public\index.php(44): CodeIgniter\CodeIgniter->run()
#8 C:\wamp64\www\wiplayer\system\Commands\Server\rewrite.php(45): require_once('C:\\wamp64\\www\\w...')
#9 {main}
CRITICAL - 2021-04-04 00:47:22 --> Call to a member function view() on null
#0 C:\wamp64\www\wiplayer\system\View\View.php(220): include()
#1 C:\wamp64\www\wiplayer\system\View\View.php(222): CodeIgniter\View\View->CodeIgniter\View\{closure}()
#2 C:\wamp64\www\wiplayer\system\Common.php(1217): CodeIgniter\View\View->render('template/home_v...', Array, true)
#3 C:\wamp64\www\wiplayer\app\Controllers\Home.php(12): view('template/home_v...')
#4 C:\wamp64\www\wiplayer\system\CodeIgniter.php(936): App\Controllers\Home->index()
#5 C:\wamp64\www\wiplayer\system\CodeIgniter.php(432): CodeIgniter\CodeIgniter->runController(Object(App\Controllers\Home))
#6 C:\wamp64\www\wiplayer\system\CodeIgniter.php(333): CodeIgniter\CodeIgniter->handleRequest(NULL, Object(Config\Cache), false)
#7 C:\wamp64\www\wiplayer\public\index.php(44): CodeIgniter\CodeIgniter->run()
#8 C:\wamp64\www\wiplayer\system\Commands\Server\rewrite.php(45): require_once('C:\\wamp64\\www\\w...')
#9 {main}
CRITICAL - 2021-04-04 00:47:22 --> Call to a member function view() on null
#0 C:\wamp64\www\wiplayer\system\View\View.php(220): include()
#1 C:\wamp64\www\wiplayer\system\View\View.php(222): CodeIgniter\View\View->CodeIgniter\View\{closure}()
#2 C:\wamp64\www\wiplayer\system\Common.php(1217): CodeIgniter\View\View->render('template/home_v...', Array, true)
#3 C:\wamp64\www\wiplayer\app\Controllers\Home.php(12): view('template/home_v...')
#4 C:\wamp64\www\wiplayer\system\CodeIgniter.php(936): App\Controllers\Home->index()
#5 C:\wamp64\www\wiplayer\system\CodeIgniter.php(432): CodeIgniter\CodeIgniter->runController(Object(App\Controllers\Home))
#6 C:\wamp64\www\wiplayer\system\CodeIgniter.php(333): CodeIgniter\CodeIgniter->handleRequest(NULL, Object(Config\Cache), false)
#7 C:\wamp64\www\wiplayer\public\index.php(44): CodeIgniter\CodeIgniter->run()
#8 C:\wamp64\www\wiplayer\system\Commands\Server\rewrite.php(45): require_once('C:\\wamp64\\www\\w...')
#9 {main}
CRITICAL - 2021-04-04 00:47:23 --> Call to a member function view() on null
#0 C:\wamp64\www\wiplayer\system\View\View.php(220): include()
#1 C:\wamp64\www\wiplayer\system\View\View.php(222): CodeIgniter\View\View->CodeIgniter\View\{closure}()
#2 C:\wamp64\www\wiplayer\system\Common.php(1217): CodeIgniter\View\View->render('template/home_v...', Array, true)
#3 C:\wamp64\www\wiplayer\app\Controllers\Home.php(12): view('template/home_v...')
#4 C:\wamp64\www\wiplayer\system\CodeIgniter.php(936): App\Controllers\Home->index()
#5 C:\wamp64\www\wiplayer\system\CodeIgniter.php(432): CodeIgniter\CodeIgniter->runController(Object(App\Controllers\Home))
#6 C:\wamp64\www\wiplayer\system\CodeIgniter.php(333): CodeIgniter\CodeIgniter->handleRequest(NULL, Object(Config\Cache), false)
#7 C:\wamp64\www\wiplayer\public\index.php(44): CodeIgniter\CodeIgniter->run()
#8 C:\wamp64\www\wiplayer\system\Commands\Server\rewrite.php(45): require_once('C:\\wamp64\\www\\w...')
#9 {main}
CRITICAL - 2021-04-04 00:47:23 --> Call to a member function view() on null
#0 C:\wamp64\www\wiplayer\system\View\View.php(220): include()
#1 C:\wamp64\www\wiplayer\system\View\View.php(222): CodeIgniter\View\View->CodeIgniter\View\{closure}()
#2 C:\wamp64\www\wiplayer\system\Common.php(1217): CodeIgniter\View\View->render('template/home_v...', Array, true)
#3 C:\wamp64\www\wiplayer\app\Controllers\Home.php(12): view('template/home_v...')
#4 C:\wamp64\www\wiplayer\system\CodeIgniter.php(936): App\Controllers\Home->index()
#5 C:\wamp64\www\wiplayer\system\CodeIgniter.php(432): CodeIgniter\CodeIgniter->runController(Object(App\Controllers\Home))
#6 C:\wamp64\www\wiplayer\system\CodeIgniter.php(333): CodeIgniter\CodeIgniter->handleRequest(NULL, Object(Config\Cache), false)
#7 C:\wamp64\www\wiplayer\public\index.php(44): CodeIgniter\CodeIgniter->run()
#8 C:\wamp64\www\wiplayer\system\Commands\Server\rewrite.php(45): require_once('C:\\wamp64\\www\\w...')
#9 {main}
CRITICAL - 2021-04-04 00:47:23 --> Call to a member function view() on null
#0 C:\wamp64\www\wiplayer\system\View\View.php(220): include()
#1 C:\wamp64\www\wiplayer\system\View\View.php(222): CodeIgniter\View\View->CodeIgniter\View\{closure}()
#2 C:\wamp64\www\wiplayer\system\Common.php(1217): CodeIgniter\View\View->render('template/home_v...', Array, true)
#3 C:\wamp64\www\wiplayer\app\Controllers\Home.php(12): view('template/home_v...')
#4 C:\wamp64\www\wiplayer\system\CodeIgniter.php(936): App\Controllers\Home->index()
#5 C:\wamp64\www\wiplayer\system\CodeIgniter.php(432): CodeIgniter\CodeIgniter->runController(Object(App\Controllers\Home))
#6 C:\wamp64\www\wiplayer\system\CodeIgniter.php(333): CodeIgniter\CodeIgniter->handleRequest(NULL, Object(Config\Cache), false)
#7 C:\wamp64\www\wiplayer\public\index.php(44): CodeIgniter\CodeIgniter->run()
#8 C:\wamp64\www\wiplayer\system\Commands\Server\rewrite.php(45): require_once('C:\\wamp64\\www\\w...')
#9 {main}
CRITICAL - 2021-04-04 01:08:33 --> Call to a member function view() on null
#0 C:\wamp64\www\wiplayer\system\View\View.php(220): include()
#1 C:\wamp64\www\wiplayer\system\View\View.php(222): CodeIgniter\View\View->CodeIgniter\View\{closure}()
#2 C:\wamp64\www\wiplayer\system\Common.php(1217): CodeIgniter\View\View->render('home_view', Array, true)
#3 C:\wamp64\www\wiplayer\app\Controllers\Home.php(12): view('home_view')
#4 C:\wamp64\www\wiplayer\system\CodeIgniter.php(936): App\Controllers\Home->index()
#5 C:\wamp64\www\wiplayer\system\CodeIgniter.php(432): CodeIgniter\CodeIgniter->runController(Object(App\Controllers\Home))
#6 C:\wamp64\www\wiplayer\system\CodeIgniter.php(333): CodeIgniter\CodeIgniter->handleRequest(NULL, Object(Config\Cache), false)
#7 C:\wamp64\www\wiplayer\public\index.php(44): CodeIgniter\CodeIgniter->run()
#8 C:\wamp64\www\wiplayer\system\Commands\Server\rewrite.php(45): require_once('C:\\wamp64\\www\\w...')
#9 {main}
CRITICAL - 2021-04-04 01:08:34 --> Call to a member function view() on null
#0 C:\wamp64\www\wiplayer\system\View\View.php(220): include()
#1 C:\wamp64\www\wiplayer\system\View\View.php(222): CodeIgniter\View\View->CodeIgniter\View\{closure}()
#2 C:\wamp64\www\wiplayer\system\Common.php(1217): CodeIgniter\View\View->render('home_view', Array, true)
#3 C:\wamp64\www\wiplayer\app\Controllers\Home.php(12): view('home_view')
#4 C:\wamp64\www\wiplayer\system\CodeIgniter.php(936): App\Controllers\Home->index()
#5 C:\wamp64\www\wiplayer\system\CodeIgniter.php(432): CodeIgniter\CodeIgniter->runController(Object(App\Controllers\Home))
#6 C:\wamp64\www\wiplayer\system\CodeIgniter.php(333): CodeIgniter\CodeIgniter->handleRequest(NULL, Object(Config\Cache), false)
#7 C:\wamp64\www\wiplayer\public\index.php(44): CodeIgniter\CodeIgniter->run()
#8 C:\wamp64\www\wiplayer\system\Commands\Server\rewrite.php(45): require_once('C:\\wamp64\\www\\w...')
#9 {main}
CRITICAL - 2021-04-04 01:10:31 --> Call to a member function view() on null
#0 C:\wamp64\www\wiplayer\system\View\View.php(220): include()
#1 C:\wamp64\www\wiplayer\system\View\View.php(222): CodeIgniter\View\View->CodeIgniter\View\{closure}()
#2 C:\wamp64\www\wiplayer\system\Common.php(1217): CodeIgniter\View\View->render('home_view', Array, true)
#3 C:\wamp64\www\wiplayer\app\Controllers\Home.php(12): view('home_view')
#4 C:\wamp64\www\wiplayer\system\CodeIgniter.php(936): App\Controllers\Home->index()
#5 C:\wamp64\www\wiplayer\system\CodeIgniter.php(432): CodeIgniter\CodeIgniter->runController(Object(App\Controllers\Home))
#6 C:\wamp64\www\wiplayer\system\CodeIgniter.php(333): CodeIgniter\CodeIgniter->handleRequest(NULL, Object(Config\Cache), false)
#7 C:\wamp64\www\wiplayer\public\index.php(44): CodeIgniter\CodeIgniter->run()
#8 C:\wamp64\www\wiplayer\system\Commands\Server\rewrite.php(45): require_once('C:\\wamp64\\www\\w...')
#9 {main}
CRITICAL - 2021-04-04 01:11:18 --> Call to a member function view() on null
#0 C:\wamp64\www\wiplayer\system\View\View.php(220): include()
#1 C:\wamp64\www\wiplayer\system\View\View.php(222): CodeIgniter\View\View->CodeIgniter\View\{closure}()
#2 C:\wamp64\www\wiplayer\system\Common.php(1217): CodeIgniter\View\View->render('home_view', Array, true)
#3 C:\wamp64\www\wiplayer\app\Controllers\Home.php(12): view('home_view')
#4 C:\wamp64\www\wiplayer\system\CodeIgniter.php(936): App\Controllers\Home->index()
#5 C:\wamp64\www\wiplayer\system\CodeIgniter.php(432): CodeIgniter\CodeIgniter->runController(Object(App\Controllers\Home))
#6 C:\wamp64\www\wiplayer\system\CodeIgniter.php(333): CodeIgniter\CodeIgniter->handleRequest(NULL, Object(Config\Cache), false)
#7 C:\wamp64\www\wiplayer\public\index.php(44): CodeIgniter\CodeIgniter->run()
#8 C:\wamp64\www\wiplayer\system\Commands\Server\rewrite.php(45): require_once('C:\\wamp64\\www\\w...')
#9 {main}
CRITICAL - 2021-04-04 01:11:22 --> Call to a member function view() on null
#0 C:\wamp64\www\wiplayer\system\View\View.php(220): include()
#1 C:\wamp64\www\wiplayer\system\View\View.php(222): CodeIgniter\View\View->CodeIgniter\View\{closure}()
#2 C:\wamp64\www\wiplayer\system\Common.php(1217): CodeIgniter\View\View->render('home_view', Array, true)
#3 C:\wamp64\www\wiplayer\app\Controllers\Home.php(12): view('home_view')
#4 C:\wamp64\www\wiplayer\system\CodeIgniter.php(936): App\Controllers\Home->index()
#5 C:\wamp64\www\wiplayer\system\CodeIgniter.php(432): CodeIgniter\CodeIgniter->runController(Object(App\Controllers\Home))
#6 C:\wamp64\www\wiplayer\system\CodeIgniter.php(333): CodeIgniter\CodeIgniter->handleRequest(NULL, Object(Config\Cache), false)
#7 C:\wamp64\www\wiplayer\public\index.php(44): CodeIgniter\CodeIgniter->run()
#8 C:\wamp64\www\wiplayer\system\Commands\Server\rewrite.php(45): require_once('C:\\wamp64\\www\\w...')
#9 {main}
CRITICAL - 2021-04-04 01:12:39 --> Call to a member function view() on null
#0 C:\wamp64\www\wiplayer\system\View\View.php(220): include()
#1 C:\wamp64\www\wiplayer\system\View\View.php(222): CodeIgniter\View\View->CodeIgniter\View\{closure}()
#2 C:\wamp64\www\wiplayer\system\Common.php(1217): CodeIgniter\View\View->render('template/home_v...', Array, true)
#3 C:\wamp64\www\wiplayer\app\Controllers\Home.php(13): view('template/home_v...', Array)
#4 C:\wamp64\www\wiplayer\system\CodeIgniter.php(936): App\Controllers\Home->index()
#5 C:\wamp64\www\wiplayer\system\CodeIgniter.php(432): CodeIgniter\CodeIgniter->runController(Object(App\Controllers\Home))
#6 C:\wamp64\www\wiplayer\system\CodeIgniter.php(333): CodeIgniter\CodeIgniter->handleRequest(NULL, Object(Config\Cache), false)
#7 C:\wamp64\www\wiplayer\public\index.php(44): CodeIgniter\CodeIgniter->run()
#8 C:\wamp64\www\wiplayer\system\Commands\Server\rewrite.php(45): require_once('C:\\wamp64\\www\\w...')
#9 {main}
CRITICAL - 2021-04-04 02:50:09 --> Call to undefined function App\Controllers\wip_layer_view()
#0 C:\wamp64\www\wiplayer\system\CodeIgniter.php(936): App\Controllers\Home->index()
#1 C:\wamp64\www\wiplayer\system\CodeIgniter.php(432): CodeIgniter\CodeIgniter->runController(Object(App\Controllers\Home))
#2 C:\wamp64\www\wiplayer\system\CodeIgniter.php(333): CodeIgniter\CodeIgniter->handleRequest(NULL, Object(Config\Cache), false)
#3 C:\wamp64\www\wiplayer\public\index.php(44): CodeIgniter\CodeIgniter->run()
#4 C:\wamp64\www\wiplayer\system\Commands\Server\rewrite.php(45): require_once('C:\\wamp64\\www\\w...')
#5 {main}
CRITICAL - 2021-04-04 02:50:13 --> Call to undefined function App\Controllers\wip_layer_view()
#0 C:\wamp64\www\wiplayer\system\CodeIgniter.php(936): App\Controllers\Home->index()
#1 C:\wamp64\www\wiplayer\system\CodeIgniter.php(432): CodeIgniter\CodeIgniter->runController(Object(App\Controllers\Home))
#2 C:\wamp64\www\wiplayer\system\CodeIgniter.php(333): CodeIgniter\CodeIgniter->handleRequest(NULL, Object(Config\Cache), false)
#3 C:\wamp64\www\wiplayer\public\index.php(44): CodeIgniter\CodeIgniter->run()
#4 C:\wamp64\www\wiplayer\system\Commands\Server\rewrite.php(45): require_once('C:\\wamp64\\www\\w...')
#5 {main}
CRITICAL - 2021-04-04 02:50:52 --> Call to undefined function App\Controllers\wip_layer_view()
#0 C:\wamp64\www\wiplayer\system\CodeIgniter.php(936): App\Controllers\Home->index()
#1 C:\wamp64\www\wiplayer\system\CodeIgniter.php(432): CodeIgniter\CodeIgniter->runController(Object(App\Controllers\Home))
#2 C:\wamp64\www\wiplayer\system\CodeIgniter.php(333): CodeIgniter\CodeIgniter->handleRequest(NULL, Object(Config\Cache), false)
#3 C:\wamp64\www\wiplayer\public\index.php(44): CodeIgniter\CodeIgniter->run()
#4 C:\wamp64\www\wiplayer\system\Commands\Server\rewrite.php(45): require_once('C:\\wamp64\\www\\w...')
#5 {main}
CRITICAL - 2021-04-04 02:51:25 --> Undefined variable: title
#0 C:\wamp64\www\wiplayer\app\Views\template\header.php(15): CodeIgniter\Debug\Exceptions->errorHandler(8, 'Undefined varia...', 'C:\\wamp64\\www\\w...', 15, Array)
#1 C:\wamp64\www\wiplayer\system\View\View.php(220): include('C:\\wamp64\\www\\w...')
#2 C:\wamp64\www\wiplayer\system\View\View.php(222): CodeIgniter\View\View->CodeIgniter\View\{closure}()
#3 C:\wamp64\www\wiplayer\system\Common.php(1217): CodeIgniter\View\View->render('template/header', Array, true)
#4 C:\wamp64\www\wiplayer\app\Helpers\wiplayer_view_helper.php(5): view('template/header')
#5 C:\wamp64\www\wiplayer\app\Controllers\Home.php(23): wip_layer_view('home/home_view')
#6 C:\wamp64\www\wiplayer\system\CodeIgniter.php(936): App\Controllers\Home->index()
#7 C:\wamp64\www\wiplayer\system\CodeIgniter.php(432): CodeIgniter\CodeIgniter->runController(Object(App\Controllers\Home))
#8 C:\wamp64\www\wiplayer\system\CodeIgniter.php(333): CodeIgniter\CodeIgniter->handleRequest(NULL, Object(Config\Cache), false)
#9 C:\wamp64\www\wiplayer\public\index.php(44): CodeIgniter\CodeIgniter->run()
#10 C:\wamp64\www\wiplayer\system\Commands\Server\rewrite.php(45): require_once('C:\\wamp64\\www\\w...')
#11 {main}
CRITICAL - 2021-04-04 02:51:32 --> Undefined variable: title
#0 C:\wamp64\www\wiplayer\app\Views\template\header.php(15): CodeIgniter\Debug\Exceptions->errorHandler(8, 'Undefined varia...', 'C:\\wamp64\\www\\w...', 15, Array)
#1 C:\wamp64\www\wiplayer\system\View\View.php(220): include('C:\\wamp64\\www\\w...')
#2 C:\wamp64\www\wiplayer\system\View\View.php(222): CodeIgniter\View\View->CodeIgniter\View\{closure}()
#3 C:\wamp64\www\wiplayer\system\Common.php(1217): CodeIgniter\View\View->render('template/header', Array, true)
#4 C:\wamp64\www\wiplayer\app\Helpers\wiplayer_view_helper.php(5): view('template/header')
#5 C:\wamp64\www\wiplayer\app\Controllers\Home.php(23): wip_layer_view('home/home_view')
#6 C:\wamp64\www\wiplayer\system\CodeIgniter.php(936): App\Controllers\Home->index()
#7 C:\wamp64\www\wiplayer\system\CodeIgniter.php(432): CodeIgniter\CodeIgniter->runController(Object(App\Controllers\Home))
#8 C:\wamp64\www\wiplayer\system\CodeIgniter.php(333): CodeIgniter\CodeIgniter->handleRequest(NULL, Object(Config\Cache), false)
#9 C:\wamp64\www\wiplayer\public\index.php(44): CodeIgniter\CodeIgniter->run()
#10 C:\wamp64\www\wiplayer\system\Commands\Server\rewrite.php(45): require_once('C:\\wamp64\\www\\w...')
#11 {main}
CRITICAL - 2021-04-04 02:51:35 --> Undefined variable: title
#0 C:\wamp64\www\wiplayer\app\Views\template\header.php(15): CodeIgniter\Debug\Exceptions->errorHandler(8, 'Undefined varia...', 'C:\\wamp64\\www\\w...', 15, Array)
#1 C:\wamp64\www\wiplayer\system\View\View.php(220): include('C:\\wamp64\\www\\w...')
#2 C:\wamp64\www\wiplayer\system\View\View.php(222): CodeIgniter\View\View->CodeIgniter\View\{closure}()
#3 C:\wamp64\www\wiplayer\system\Common.php(1217): CodeIgniter\View\View->render('template/header', Array, true)
#4 C:\wamp64\www\wiplayer\app\Helpers\wiplayer_view_helper.php(5): view('template/header')
#5 C:\wamp64\www\wiplayer\app\Controllers\Home.php(23): wip_layer_view('home/home_view')
#6 C:\wamp64\www\wiplayer\system\CodeIgniter.php(936): App\Controllers\Home->index()
#7 C:\wamp64\www\wiplayer\system\CodeIgniter.php(432): CodeIgniter\CodeIgniter->runController(Object(App\Controllers\Home))
#8 C:\wamp64\www\wiplayer\system\CodeIgniter.php(333): CodeIgniter\CodeIgniter->handleRequest(NULL, Object(Config\Cache), false)
#9 C:\wamp64\www\wiplayer\public\index.php(44): CodeIgniter\CodeIgniter->run()
#10 C:\wamp64\www\wiplayer\system\Commands\Server\rewrite.php(45): require_once('C:\\wamp64\\www\\w...')
#11 {main}
CRITICAL - 2021-04-04 02:52:15 --> Undefined variable: title
#0 C:\wamp64\www\wiplayer\app\Views\template\header.php(15): CodeIgniter\Debug\Exceptions->errorHandler(8, 'Undefined varia...', 'C:\\wamp64\\www\\w...', 15, Array)
#1 C:\wamp64\www\wiplayer\system\View\View.php(220): include('C:\\wamp64\\www\\w...')
#2 C:\wamp64\www\wiplayer\system\View\View.php(222): CodeIgniter\View\View->CodeIgniter\View\{closure}()
#3 C:\wamp64\www\wiplayer\system\Common.php(1217): CodeIgniter\View\View->render('template/header', Array, true)
#4 C:\wamp64\www\wiplayer\app\Helpers\wiplayer_view_helper.php(5): view('template/header')
#5 C:\wamp64\www\wiplayer\app\Controllers\Home.php(24): wip_layer_view('home/home_view', Array)
#6 C:\wamp64\www\wiplayer\system\CodeIgniter.php(936): App\Controllers\Home->index()
#7 C:\wamp64\www\wiplayer\system\CodeIgniter.php(432): CodeIgniter\CodeIgniter->runController(Object(App\Controllers\Home))
#8 C:\wamp64\www\wiplayer\system\CodeIgniter.php(333): CodeIgniter\CodeIgniter->handleRequest(NULL, Object(Config\Cache), false)
#9 C:\wamp64\www\wiplayer\public\index.php(44): CodeIgniter\CodeIgniter->run()
#10 C:\wamp64\www\wiplayer\system\Commands\Server\rewrite.php(45): require_once('C:\\wamp64\\www\\w...')
#11 {main}
CRITICAL - 2021-04-04 02:52:53 --> Undefined variable: title
#0 C:\wamp64\www\wiplayer\app\Views\template\header.php(15): CodeIgniter\Debug\Exceptions->errorHandler(8, 'Undefined varia...', 'C:\\wamp64\\www\\w...', 15, Array)
#1 C:\wamp64\www\wiplayer\system\View\View.php(220): include('C:\\wamp64\\www\\w...')
#2 C:\wamp64\www\wiplayer\system\View\View.php(222): CodeIgniter\View\View->CodeIgniter\View\{closure}()
#3 C:\wamp64\www\wiplayer\system\Common.php(1217): CodeIgniter\View\View->render('template/header', Array, true)
#4 C:\wamp64\www\wiplayer\app\Helpers\wiplayer_view_helper.php(5): view('template/header')
#5 C:\wamp64\www\wiplayer\app\Controllers\Home.php(24): wip_layer_view('home/home_view', Array)
#6 C:\wamp64\www\wiplayer\system\CodeIgniter.php(936): App\Controllers\Home->index()
#7 C:\wamp64\www\wiplayer\system\CodeIgniter.php(432): CodeIgniter\CodeIgniter->runController(Object(App\Controllers\Home))
#8 C:\wamp64\www\wiplayer\system\CodeIgniter.php(333): CodeIgniter\CodeIgniter->handleRequest(NULL, Object(Config\Cache), false)
#9 C:\wamp64\www\wiplayer\public\index.php(44): CodeIgniter\CodeIgniter->run()
#10 C:\wamp64\www\wiplayer\system\Commands\Server\rewrite.php(45): require_once('C:\\wamp64\\www\\w...')
#11 {main}
CRITICAL - 2021-04-04 02:53:15 --> Undefined variable: title
#0 C:\wamp64\www\wiplayer\app\Views\template\header.php(15): CodeIgniter\Debug\Exceptions->errorHandler(8, 'Undefined varia...', 'C:\\wamp64\\www\\w...', 15, Array)
#1 C:\wamp64\www\wiplayer\system\View\View.php(220): include('C:\\wamp64\\www\\w...')
#2 C:\wamp64\www\wiplayer\system\View\View.php(222): CodeIgniter\View\View->CodeIgniter\View\{closure}()
#3 C:\wamp64\www\wiplayer\system\Common.php(1217): CodeIgniter\View\View->render('template/header', Array, true)
#4 C:\wamp64\www\wiplayer\app\Helpers\wiplayer_view_helper.php(5): view('template/header')
#5 C:\wamp64\www\wiplayer\app\Controllers\Home.php(24): wip_layer_view('home/home_view', Array)
#6 C:\wamp64\www\wiplayer\system\CodeIgniter.php(936): App\Controllers\Home->index()
#7 C:\wamp64\www\wiplayer\system\CodeIgniter.php(432): CodeIgniter\CodeIgniter->runController(Object(App\Controllers\Home))
#8 C:\wamp64\www\wiplayer\system\CodeIgniter.php(333): CodeIgniter\CodeIgniter->handleRequest(NULL, Object(Config\Cache), false)
#9 C:\wamp64\www\wiplayer\public\index.php(44): CodeIgniter\CodeIgniter->run()
#10 C:\wamp64\www\wiplayer\system\Commands\Server\rewrite.php(45): require_once('C:\\wamp64\\www\\w...')
#11 {main}
CRITICAL - 2021-04-04 02:53:17 --> Undefined variable: title
#0 C:\wamp64\www\wiplayer\app\Views\template\header.php(15): CodeIgniter\Debug\Exceptions->errorHandler(8, 'Undefined varia...', 'C:\\wamp64\\www\\w...', 15, Array)
#1 C:\wamp64\www\wiplayer\system\View\View.php(220): include('C:\\wamp64\\www\\w...')
#2 C:\wamp64\www\wiplayer\system\View\View.php(222): CodeIgniter\View\View->CodeIgniter\View\{closure}()
#3 C:\wamp64\www\wiplayer\system\Common.php(1217): CodeIgniter\View\View->render('template/header', Array, true)
#4 C:\wamp64\www\wiplayer\app\Helpers\wiplayer_view_helper.php(5): view('template/header')
#5 C:\wamp64\www\wiplayer\app\Controllers\Home.php(24): wip_layer_view('home/home_view', Array)
#6 C:\wamp64\www\wiplayer\system\CodeIgniter.php(936): App\Controllers\Home->index()
#7 C:\wamp64\www\wiplayer\system\CodeIgniter.php(432): CodeIgniter\CodeIgniter->runController(Object(App\Controllers\Home))
#8 C:\wamp64\www\wiplayer\system\CodeIgniter.php(333): CodeIgniter\CodeIgniter->handleRequest(NULL, Object(Config\Cache), false)
#9 C:\wamp64\www\wiplayer\public\index.php(44): CodeIgniter\CodeIgniter->run()
#10 C:\wamp64\www\wiplayer\system\Commands\Server\rewrite.php(45): require_once('C:\\wamp64\\www\\w...')
#11 {main}
CRITICAL - 2021-04-04 02:53:18 --> Undefined variable: title
#0 C:\wamp64\www\wiplayer\app\Views\template\header.php(15): CodeIgniter\Debug\Exceptions->errorHandler(8, 'Undefined varia...', 'C:\\wamp64\\www\\w...', 15, Array)
#1 C:\wamp64\www\wiplayer\system\View\View.php(220): include('C:\\wamp64\\www\\w...')
#2 C:\wamp64\www\wiplayer\system\View\View.php(222): CodeIgniter\View\View->CodeIgniter\View\{closure}()
#3 C:\wamp64\www\wiplayer\system\Common.php(1217): CodeIgniter\View\View->render('template/header', Array, true)
#4 C:\wamp64\www\wiplayer\app\Helpers\wiplayer_view_helper.php(5): view('template/header')
#5 C:\wamp64\www\wiplayer\app\Controllers\Home.php(24): wip_layer_view('home/home_view', Array)
#6 C:\wamp64\www\wiplayer\system\CodeIgniter.php(936): App\Controllers\Home->index()
#7 C:\wamp64\www\wiplayer\system\CodeIgniter.php(432): CodeIgniter\CodeIgniter->runController(Object(App\Controllers\Home))
#8 C:\wamp64\www\wiplayer\system\CodeIgniter.php(333): CodeIgniter\CodeIgniter->handleRequest(NULL, Object(Config\Cache), false)
#9 C:\wamp64\www\wiplayer\public\index.php(44): CodeIgniter\CodeIgniter->run()
#10 C:\wamp64\www\wiplayer\system\Commands\Server\rewrite.php(45): require_once('C:\\wamp64\\www\\w...')
#11 {main}
CRITICAL - 2021-04-04 02:53:18 --> Undefined variable: title
#0 C:\wamp64\www\wiplayer\app\Views\template\header.php(15): CodeIgniter\Debug\Exceptions->errorHandler(8, 'Undefined varia...', 'C:\\wamp64\\www\\w...', 15, Array)
#1 C:\wamp64\www\wiplayer\system\View\View.php(220): include('C:\\wamp64\\www\\w...')
#2 C:\wamp64\www\wiplayer\system\View\View.php(222): CodeIgniter\View\View->CodeIgniter\View\{closure}()
#3 C:\wamp64\www\wiplayer\system\Common.php(1217): CodeIgniter\View\View->render('template/header', Array, true)
#4 C:\wamp64\www\wiplayer\app\Helpers\wiplayer_view_helper.php(5): view('template/header')
#5 C:\wamp64\www\wiplayer\app\Controllers\Home.php(24): wip_layer_view('home/home_view', Array)
#6 C:\wamp64\www\wiplayer\system\CodeIgniter.php(936): App\Controllers\Home->index()
#7 C:\wamp64\www\wiplayer\system\CodeIgniter.php(432): CodeIgniter\CodeIgniter->runController(Object(App\Controllers\Home))
#8 C:\wamp64\www\wiplayer\system\CodeIgniter.php(333): CodeIgniter\CodeIgniter->handleRequest(NULL, Object(Config\Cache), false)
#9 C:\wamp64\www\wiplayer\public\index.php(44): CodeIgniter\CodeIgniter->run()
#10 C:\wamp64\www\wiplayer\system\Commands\Server\rewrite.php(45): require_once('C:\\wamp64\\www\\w...')
#11 {main}
CRITICAL - 2021-04-04 02:54:06 --> Undefined variable: title
#0 C:\wamp64\www\wiplayer\app\Views\template\header.php(15): CodeIgniter\Debug\Exceptions->errorHandler(8, 'Undefined varia...', 'C:\\wamp64\\www\\w...', 15, Array)
#1 C:\wamp64\www\wiplayer\system\View\View.php(220): include('C:\\wamp64\\www\\w...')
#2 C:\wamp64\www\wiplayer\system\View\View.php(222): CodeIgniter\View\View->CodeIgniter\View\{closure}()
#3 C:\wamp64\www\wiplayer\system\Common.php(1217): CodeIgniter\View\View->render('template/header', Array, true)
#4 C:\wamp64\www\wiplayer\app\Helpers\wiplayer_view_helper.php(8): view('template/header')
#5 C:\wamp64\www\wiplayer\app\Controllers\Home.php(24): wip_layer_view('home/home_view', Array)
#6 C:\wamp64\www\wiplayer\system\CodeIgniter.php(936): App\Controllers\Home->index()
#7 C:\wamp64\www\wiplayer\system\CodeIgniter.php(432): CodeIgniter\CodeIgniter->runController(Object(App\Controllers\Home))
#8 C:\wamp64\www\wiplayer\system\CodeIgniter.php(333): CodeIgniter\CodeIgniter->handleRequest(NULL, Object(Config\Cache), false)
#9 C:\wamp64\www\wiplayer\public\index.php(44): CodeIgniter\CodeIgniter->run()
#10 C:\wamp64\www\wiplayer\system\Commands\Server\rewrite.php(45): require_once('C:\\wamp64\\www\\w...')
#11 {main}
CRITICAL - 2021-04-04 02:54:36 --> Undefined variable: data
#0 C:\wamp64\www\wiplayer\app\Views\template\header.php(15): CodeIgniter\Debug\Exceptions->errorHandler(8, 'Undefined varia...', 'C:\\wamp64\\www\\w...', 15, Array)
#1 C:\wamp64\www\wiplayer\system\View\View.php(220): include('C:\\wamp64\\www\\w...')
#2 C:\wamp64\www\wiplayer\system\View\View.php(222): CodeIgniter\View\View->CodeIgniter\View\{closure}()
#3 C:\wamp64\www\wiplayer\system\Common.php(1217): CodeIgniter\View\View->render('template/header', Array, true)
#4 C:\wamp64\www\wiplayer\app\Helpers\wiplayer_view_helper.php(8): view('template/header')
#5 C:\wamp64\www\wiplayer\app\Controllers\Home.php(24): wip_layer_view('home/home_view', Array)
#6 C:\wamp64\www\wiplayer\system\CodeIgniter.php(936): App\Controllers\Home->index()
#7 C:\wamp64\www\wiplayer\system\CodeIgniter.php(432): CodeIgniter\CodeIgniter->runController(Object(App\Controllers\Home))
#8 C:\wamp64\www\wiplayer\system\CodeIgniter.php(333): CodeIgniter\CodeIgniter->handleRequest(NULL, Object(Config\Cache), false)
#9 C:\wamp64\www\wiplayer\public\index.php(44): CodeIgniter\CodeIgniter->run()
#10 C:\wamp64\www\wiplayer\system\Commands\Server\rewrite.php(45): require_once('C:\\wamp64\\www\\w...')
#11 {main}
CRITICAL - 2021-04-04 02:54:45 --> Undefined variable: data
#0 C:\wamp64\www\wiplayer\app\Views\template\header.php(15): CodeIgniter\Debug\Exceptions->errorHandler(8, 'Undefined varia...', 'C:\\wamp64\\www\\w...', 15, Array)
#1 C:\wamp64\www\wiplayer\system\View\View.php(220): include('C:\\wamp64\\www\\w...')
#2 C:\wamp64\www\wiplayer\system\View\View.php(222): CodeIgniter\View\View->CodeIgniter\View\{closure}()
#3 C:\wamp64\www\wiplayer\system\Common.php(1217): CodeIgniter\View\View->render('template/header', Array, true)
#4 C:\wamp64\www\wiplayer\app\Helpers\wiplayer_view_helper.php(8): view('template/header')
#5 C:\wamp64\www\wiplayer\app\Controllers\Home.php(24): wip_layer_view('home/home_view', Array)
#6 C:\wamp64\www\wiplayer\system\CodeIgniter.php(936): App\Controllers\Home->index()
#7 C:\wamp64\www\wiplayer\system\CodeIgniter.php(432): CodeIgniter\CodeIgniter->runController(Object(App\Controllers\Home))
#8 C:\wamp64\www\wiplayer\system\CodeIgniter.php(333): CodeIgniter\CodeIgniter->handleRequest(NULL, Object(Config\Cache), false)
#9 C:\wamp64\www\wiplayer\public\index.php(44): CodeIgniter\CodeIgniter->run()
#10 C:\wamp64\www\wiplayer\system\Commands\Server\rewrite.php(45): require_once('C:\\wamp64\\www\\w...')
#11 {main}
CRITICAL - 2021-04-04 02:55:42 --> Undefined variable: data
#0 C:\wamp64\www\wiplayer\app\Views\template\header.php(15): CodeIgniter\Debug\Exceptions->errorHandler(8, 'Undefined varia...', 'C:\\wamp64\\www\\w...', 15, Array)
#1 C:\wamp64\www\wiplayer\system\View\View.php(220): include('C:\\wamp64\\www\\w...')
#2 C:\wamp64\www\wiplayer\system\View\View.php(222): CodeIgniter\View\View->CodeIgniter\View\{closure}()
#3 C:\wamp64\www\wiplayer\system\Common.php(1217): CodeIgniter\View\View->render('template/header', Array, true)
#4 C:\wamp64\www\wiplayer\app\Helpers\wiplayer_view_helper.php(8): view('template/header')
#5 C:\wamp64\www\wiplayer\app\Controllers\Home.php(24): wip_layer_view('home/home_view', Array)
#6 C:\wamp64\www\wiplayer\system\CodeIgniter.php(936): App\Controllers\Home->index()
#7 C:\wamp64\www\wiplayer\system\CodeIgniter.php(432): CodeIgniter\CodeIgniter->runController(Object(App\Controllers\Home))
#8 C:\wamp64\www\wiplayer\system\CodeIgniter.php(333): CodeIgniter\CodeIgniter->handleRequest(NULL, Object(Config\Cache), false)
#9 C:\wamp64\www\wiplayer\public\index.php(44): CodeIgniter\CodeIgniter->run()
#10 C:\wamp64\www\wiplayer\system\Commands\Server\rewrite.php(45): require_once('C:\\wamp64\\www\\w...')
#11 {main}
CRITICAL - 2021-04-04 02:55:44 --> Undefined variable: data
#0 C:\wamp64\www\wiplayer\app\Views\template\header.php(15): CodeIgniter\Debug\Exceptions->errorHandler(8, 'Undefined varia...', 'C:\\wamp64\\www\\w...', 15, Array)
#1 C:\wamp64\www\wiplayer\system\View\View.php(220): include('C:\\wamp64\\www\\w...')
#2 C:\wamp64\www\wiplayer\system\View\View.php(222): CodeIgniter\View\View->CodeIgniter\View\{closure}()
#3 C:\wamp64\www\wiplayer\system\Common.php(1217): CodeIgniter\View\View->render('template/header', Array, true)
#4 C:\wamp64\www\wiplayer\app\Helpers\wiplayer_view_helper.php(8): view('template/header')
#5 C:\wamp64\www\wiplayer\app\Controllers\Home.php(24): wip_layer_view('home/home_view', Array)
#6 C:\wamp64\www\wiplayer\system\CodeIgniter.php(936): App\Controllers\Home->index()
#7 C:\wamp64\www\wiplayer\system\CodeIgniter.php(432): CodeIgniter\CodeIgniter->runController(Object(App\Controllers\Home))
#8 C:\wamp64\www\wiplayer\system\CodeIgniter.php(333): CodeIgniter\CodeIgniter->handleRequest(NULL, Object(Config\Cache), false)
#9 C:\wamp64\www\wiplayer\public\index.php(44): CodeIgniter\CodeIgniter->run()
#10 C:\wamp64\www\wiplayer\system\Commands\Server\rewrite.php(45): require_once('C:\\wamp64\\www\\w...')
#11 {main}
CRITICAL - 2021-04-04 02:55:44 --> Undefined variable: data
#0 C:\wamp64\www\wiplayer\app\Views\template\header.php(15): CodeIgniter\Debug\Exceptions->errorHandler(8, 'Undefined varia...', 'C:\\wamp64\\www\\w...', 15, Array)
#1 C:\wamp64\www\wiplayer\system\View\View.php(220): include('C:\\wamp64\\www\\w...')
#2 C:\wamp64\www\wiplayer\system\View\View.php(222): CodeIgniter\View\View->CodeIgniter\View\{closure}()
#3 C:\wamp64\www\wiplayer\system\Common.php(1217): CodeIgniter\View\View->render('template/header', Array, true)
#4 C:\wamp64\www\wiplayer\app\Helpers\wiplayer_view_helper.php(8): view('template/header')
#5 C:\wamp64\www\wiplayer\app\Controllers\Home.php(24): wip_layer_view('home/home_view', Array)
#6 C:\wamp64\www\wiplayer\system\CodeIgniter.php(936): App\Controllers\Home->index()
#7 C:\wamp64\www\wiplayer\system\CodeIgniter.php(432): CodeIgniter\CodeIgniter->runController(Object(App\Controllers\Home))
#8 C:\wamp64\www\wiplayer\system\CodeIgniter.php(333): CodeIgniter\CodeIgniter->handleRequest(NULL, Object(Config\Cache), false)
#9 C:\wamp64\www\wiplayer\public\index.php(44): CodeIgniter\CodeIgniter->run()
#10 C:\wamp64\www\wiplayer\system\Commands\Server\rewrite.php(45): require_once('C:\\wamp64\\www\\w...')
#11 {main}
CRITICAL - 2021-04-04 02:55:44 --> Undefined variable: data
#0 C:\wamp64\www\wiplayer\app\Views\template\header.php(15): CodeIgniter\Debug\Exceptions->errorHandler(8, 'Undefined varia...', 'C:\\wamp64\\www\\w...', 15, Array)
#1 C:\wamp64\www\wiplayer\system\View\View.php(220): include('C:\\wamp64\\www\\w...')
#2 C:\wamp64\www\wiplayer\system\View\View.php(222): CodeIgniter\View\View->CodeIgniter\View\{closure}()
#3 C:\wamp64\www\wiplayer\system\Common.php(1217): CodeIgniter\View\View->render('template/header', Array, true)
#4 C:\wamp64\www\wiplayer\app\Helpers\wiplayer_view_helper.php(8): view('template/header')
#5 C:\wamp64\www\wiplayer\app\Controllers\Home.php(24): wip_layer_view('home/home_view', Array)
#6 C:\wamp64\www\wiplayer\system\CodeIgniter.php(936): App\Controllers\Home->index()
#7 C:\wamp64\www\wiplayer\system\CodeIgniter.php(432): CodeIgniter\CodeIgniter->runController(Object(App\Controllers\Home))
#8 C:\wamp64\www\wiplayer\system\CodeIgniter.php(333): CodeIgniter\CodeIgniter->handleRequest(NULL, Object(Config\Cache), false)
#9 C:\wamp64\www\wiplayer\public\index.php(44): CodeIgniter\CodeIgniter->run()
#10 C:\wamp64\www\wiplayer\system\Commands\Server\rewrite.php(45): require_once('C:\\wamp64\\www\\w...')
#11 {main}
CRITICAL - 2021-04-04 02:56:23 --> Array to string conversion
#0 C:\wamp64\www\wiplayer\app\Helpers\wiplayer_view_helper.php(13): CodeIgniter\Debug\Exceptions->errorHandler(8, 'Array to string...', 'C:\\wamp64\\www\\w...', 13, Array)
#1 C:\wamp64\www\wiplayer\app\Controllers\Home.php(24): wip_layer_view('home/home_view', Array)
#2 C:\wamp64\www\wiplayer\system\CodeIgniter.php(936): App\Controllers\Home->index()
#3 C:\wamp64\www\wiplayer\system\CodeIgniter.php(432): CodeIgniter\CodeIgniter->runController(Object(App\Controllers\Home))
#4 C:\wamp64\www\wiplayer\system\CodeIgniter.php(333): CodeIgniter\CodeIgniter->handleRequest(NULL, Object(Config\Cache), false)
#5 C:\wamp64\www\wiplayer\public\index.php(44): CodeIgniter\CodeIgniter->run()
#6 C:\wamp64\www\wiplayer\system\Commands\Server\rewrite.php(45): require_once('C:\\wamp64\\www\\w...')
#7 {main}
CRITICAL - 2021-04-04 02:56:23 --> Array to string conversion
#0 C:\wamp64\www\wiplayer\app\Helpers\wiplayer_view_helper.php(13): CodeIgniter\Debug\Exceptions->errorHandler(8, 'Array to string...', 'C:\\wamp64\\www\\w...', 13, Array)
#1 C:\wamp64\www\wiplayer\app\Controllers\Home.php(24): wip_layer_view('home/home_view', Array)
#2 C:\wamp64\www\wiplayer\system\CodeIgniter.php(936): App\Controllers\Home->index()
#3 C:\wamp64\www\wiplayer\system\CodeIgniter.php(432): CodeIgniter\CodeIgniter->runController(Object(App\Controllers\Home))
#4 C:\wamp64\www\wiplayer\system\CodeIgniter.php(333): CodeIgniter\CodeIgniter->handleRequest(NULL, Object(Config\Cache), false)
#5 C:\wamp64\www\wiplayer\public\index.php(44): CodeIgniter\CodeIgniter->run()
#6 C:\wamp64\www\wiplayer\system\Commands\Server\rewrite.php(45): require_once('C:\\wamp64\\www\\w...')
#7 {main}
CRITICAL - 2021-04-04 02:56:24 --> Array to string conversion
#0 C:\wamp64\www\wiplayer\app\Helpers\wiplayer_view_helper.php(13): CodeIgniter\Debug\Exceptions->errorHandler(8, 'Array to string...', 'C:\\wamp64\\www\\w...', 13, Array)
#1 C:\wamp64\www\wiplayer\app\Controllers\Home.php(24): wip_layer_view('home/home_view', Array)
#2 C:\wamp64\www\wiplayer\system\CodeIgniter.php(936): App\Controllers\Home->index()
#3 C:\wamp64\www\wiplayer\system\CodeIgniter.php(432): CodeIgniter\CodeIgniter->runController(Object(App\Controllers\Home))
#4 C:\wamp64\www\wiplayer\system\CodeIgniter.php(333): CodeIgniter\CodeIgniter->handleRequest(NULL, Object(Config\Cache), false)
#5 C:\wamp64\www\wiplayer\public\index.php(44): CodeIgniter\CodeIgniter->run()
#6 C:\wamp64\www\wiplayer\system\Commands\Server\rewrite.php(45): require_once('C:\\wamp64\\www\\w...')
#7 {main}
CRITICAL - 2021-04-04 03:08:23 --> Undefined variable: title
#0 C:\wamp64\www\wiplayer\app\Views\template\header.php(15): CodeIgniter\Debug\Exceptions->errorHandler(8, 'Undefined varia...', 'C:\\wamp64\\www\\w...', 15, Array)
#1 C:\wamp64\www\wiplayer\system\View\View.php(220): include('C:\\wamp64\\www\\w...')
#2 C:\wamp64\www\wiplayer\system\View\View.php(222): CodeIgniter\View\View->CodeIgniter\View\{closure}()
#3 C:\wamp64\www\wiplayer\system\Common.php(1217): CodeIgniter\View\View->render('template/header', Array, true)
#4 C:\wamp64\www\wiplayer\app\Helpers\view_helper.php(8): view('template/header')
#5 C:\wamp64\www\wiplayer\app\Controllers\Home.php(24): template_view('home/home_view', Array)
#6 C:\wamp64\www\wiplayer\system\CodeIgniter.php(936): App\Controllers\Home->index()
#7 C:\wamp64\www\wiplayer\system\CodeIgniter.php(432): CodeIgniter\CodeIgniter->runController(Object(App\Controllers\Home))
#8 C:\wamp64\www\wiplayer\system\CodeIgniter.php(333): CodeIgniter\CodeIgniter->handleRequest(NULL, Object(Config\Cache), false)
#9 C:\wamp64\www\wiplayer\public\index.php(44): CodeIgniter\CodeIgniter->run()
#10 C:\wamp64\www\wiplayer\system\Commands\Server\rewrite.php(45): require_once('C:\\wamp64\\www\\w...')
#11 {main}
CRITICAL - 2021-04-04 03:17:28 --> Undefined variable: title
#0 C:\wamp64\www\wiplayer\app\Views\template\header.php(15): CodeIgniter\Debug\Exceptions->errorHandler(8, 'Undefined varia...', 'C:\\wamp64\\www\\w...', 15, Array)
#1 C:\wamp64\www\wiplayer\system\View\View.php(220): include('C:\\wamp64\\www\\w...')
#2 C:\wamp64\www\wiplayer\system\View\View.php(222): CodeIgniter\View\View->CodeIgniter\View\{closure}()
#3 C:\wamp64\www\wiplayer\system\Common.php(1217): CodeIgniter\View\View->render('template/header', Array, true)
#4 C:\wamp64\www\wiplayer\app\Helpers\view_helper.php(8): view('template/header')
#5 C:\wamp64\www\wiplayer\app\Controllers\Home.php(24): template_view('home/home_view', Array)
#6 C:\wamp64\www\wiplayer\system\CodeIgniter.php(936): App\Controllers\Home->index()
#7 C:\wamp64\www\wiplayer\system\CodeIgniter.php(432): CodeIgniter\CodeIgniter->runController(Object(App\Controllers\Home))
#8 C:\wamp64\www\wiplayer\system\CodeIgniter.php(333): CodeIgniter\CodeIgniter->handleRequest(NULL, Object(Config\Cache), false)
#9 C:\wamp64\www\wiplayer\public\index.php(44): CodeIgniter\CodeIgniter->run()
#10 C:\wamp64\www\wiplayer\system\Commands\Server\rewrite.php(45): require_once('C:\\wamp64\\www\\w...')
#11 {main}
CRITICAL - 2021-04-04 03:18:48 --> Undefined variable: title
#0 C:\wamp64\www\wiplayer\app\Views\template\header.php(15): CodeIgniter\Debug\Exceptions->errorHandler(8, 'Undefined varia...', 'C:\\wamp64\\www\\w...', 15, Array)
#1 C:\wamp64\www\wiplayer\system\View\View.php(220): include('C:\\wamp64\\www\\w...')
#2 C:\wamp64\www\wiplayer\system\View\View.php(222): CodeIgniter\View\View->CodeIgniter\View\{closure}()
#3 C:\wamp64\www\wiplayer\system\Common.php(1217): CodeIgniter\View\View->render('template/header', Array, true)
#4 C:\wamp64\www\wiplayer\app\Helpers\view_helper.php(8): view('template/header')
#5 C:\wamp64\www\wiplayer\app\Controllers\Home.php(24): template_view('home/home_view', Array)
#6 C:\wamp64\www\wiplayer\system\CodeIgniter.php(936): App\Controllers\Home->index()
#7 C:\wamp64\www\wiplayer\system\CodeIgniter.php(432): CodeIgniter\CodeIgniter->runController(Object(App\Controllers\Home))
#8 C:\wamp64\www\wiplayer\system\CodeIgniter.php(333): CodeIgniter\CodeIgniter->handleRequest(NULL, Object(Config\Cache), false)
#9 C:\wamp64\www\wiplayer\public\index.php(44): CodeIgniter\CodeIgniter->run()
#10 C:\wamp64\www\wiplayer\system\Commands\Server\rewrite.php(45): require_once('C:\\wamp64\\www\\w...')
#11 {main}
CRITICAL - 2021-04-04 03:18:51 --> Undefined variable: title
#0 C:\wamp64\www\wiplayer\app\Views\template\header.php(15): CodeIgniter\Debug\Exceptions->errorHandler(8, 'Undefined varia...', 'C:\\wamp64\\www\\w...', 15, Array)
#1 C:\wamp64\www\wiplayer\system\View\View.php(220): include('C:\\wamp64\\www\\w...')
#2 C:\wamp64\www\wiplayer\system\View\View.php(222): CodeIgniter\View\View->CodeIgniter\View\{closure}()
#3 C:\wamp64\www\wiplayer\system\Common.php(1217): CodeIgniter\View\View->render('template/header', Array, true)
#4 C:\wamp64\www\wiplayer\app\Helpers\view_helper.php(8): view('template/header')
#5 C:\wamp64\www\wiplayer\app\Controllers\Home.php(24): template_view('home/home_view', Array)
#6 C:\wamp64\www\wiplayer\system\CodeIgniter.php(936): App\Controllers\Home->index()
#7 C:\wamp64\www\wiplayer\system\CodeIgniter.php(432): CodeIgniter\CodeIgniter->runController(Object(App\Controllers\Home))
#8 C:\wamp64\www\wiplayer\system\CodeIgniter.php(333): CodeIgniter\CodeIgniter->handleRequest(NULL, Object(Config\Cache), false)
#9 C:\wamp64\www\wiplayer\public\index.php(44): CodeIgniter\CodeIgniter->run()
#10 C:\wamp64\www\wiplayer\system\Commands\Server\rewrite.php(45): require_once('C:\\wamp64\\www\\w...')
#11 {main}
CRITICAL - 2021-04-04 03:18:51 --> Undefined variable: title
#0 C:\wamp64\www\wiplayer\app\Views\template\header.php(15): CodeIgniter\Debug\Exceptions->errorHandler(8, 'Undefined varia...', 'C:\\wamp64\\www\\w...', 15, Array)
#1 C:\wamp64\www\wiplayer\system\View\View.php(220): include('C:\\wamp64\\www\\w...')
#2 C:\wamp64\www\wiplayer\system\View\View.php(222): CodeIgniter\View\View->CodeIgniter\View\{closure}()
#3 C:\wamp64\www\wiplayer\system\Common.php(1217): CodeIgniter\View\View->render('template/header', Array, true)
#4 C:\wamp64\www\wiplayer\app\Helpers\view_helper.php(8): view('template/header')
#5 C:\wamp64\www\wiplayer\app\Controllers\Home.php(24): template_view('home/home_view', Array)
#6 C:\wamp64\www\wiplayer\system\CodeIgniter.php(936): App\Controllers\Home->index()
#7 C:\wamp64\www\wiplayer\system\CodeIgniter.php(432): CodeIgniter\CodeIgniter->runController(Object(App\Controllers\Home))
#8 C:\wamp64\www\wiplayer\system\CodeIgniter.php(333): CodeIgniter\CodeIgniter->handleRequest(NULL, Object(Config\Cache), false)
#9 C:\wamp64\www\wiplayer\public\index.php(44): CodeIgniter\CodeIgniter->run()
#10 C:\wamp64\www\wiplayer\system\Commands\Server\rewrite.php(45): require_once('C:\\wamp64\\www\\w...')
#11 {main}
CRITICAL - 2021-04-04 03:20:08 --> Invalid file: default.php
#0 C:\wamp64\www\wiplayer\system\View\View.php(203): CodeIgniter\Exceptions\FrameworkException::forInvalidFile('default.php')
#1 C:\wamp64\www\wiplayer\system\Common.php(1217): CodeIgniter\View\View->render('default', Array, true)
#2 C:\wamp64\www\wiplayer\app\Controllers\Home.php(25): view('default')
#3 C:\wamp64\www\wiplayer\system\CodeIgniter.php(936): App\Controllers\Home->index()
#4 C:\wamp64\www\wiplayer\system\CodeIgniter.php(432): CodeIgniter\CodeIgniter->runController(Object(App\Controllers\Home))
#5 C:\wamp64\www\wiplayer\system\CodeIgniter.php(333): CodeIgniter\CodeIgniter->handleRequest(NULL, Object(Config\Cache), false)
#6 C:\wamp64\www\wiplayer\public\index.php(44): CodeIgniter\CodeIgniter->run()
#7 C:\wamp64\www\wiplayer\system\Commands\Server\rewrite.php(45): require_once('C:\\wamp64\\www\\w...')
#8 {main}
CRITICAL - 2021-04-04 03:31:56 --> Undefined variable: title
#0 C:\wamp64\www\wiplayer\app\Views\template\header.php(15): CodeIgniter\Debug\Exceptions->errorHandler(8, 'Undefined varia...', 'C:\\wamp64\\www\\w...', 15, Array)
#1 C:\wamp64\www\wiplayer\system\View\View.php(220): include('C:\\wamp64\\www\\w...')
#2 C:\wamp64\www\wiplayer\system\View\View.php(222): CodeIgniter\View\View->CodeIgniter\View\{closure}()
#3 C:\wamp64\www\wiplayer\system\Common.php(1217): CodeIgniter\View\View->render('template/header', Array, true)
#4 C:\wamp64\www\wiplayer\app\Controllers\Home.php(14): view('template/header')
#5 C:\wamp64\www\wiplayer\system\CodeIgniter.php(936): App\Controllers\Home->index()
#6 C:\wamp64\www\wiplayer\system\CodeIgniter.php(432): CodeIgniter\CodeIgniter->runController(Object(App\Controllers\Home))
#7 C:\wamp64\www\wiplayer\system\CodeIgniter.php(333): CodeIgniter\CodeIgniter->handleRequest(NULL, Object(Config\Cache), false)
#8 C:\wamp64\www\wiplayer\public\index.php(44): CodeIgniter\CodeIgniter->run()
#9 C:\wamp64\www\wiplayer\system\Commands\Server\rewrite.php(45): require_once('C:\\wamp64\\www\\w...')
#10 {main}
CRITICAL - 2021-04-04 03:45:26 --> Undefined property: App\Controllers\Home::$load
#0 C:\wamp64\www\wiplayer\app\Controllers\Home.php(17): CodeIgniter\Debug\Exceptions->errorHandler(8, 'Undefined prope...', 'C:\\wamp64\\www\\w...', 17, Array)
#1 C:\wamp64\www\wiplayer\system\CodeIgniter.php(936): App\Controllers\Home->index()
#2 C:\wamp64\www\wiplayer\system\CodeIgniter.php(432): CodeIgniter\CodeIgniter->runController(Object(App\Controllers\Home))
#3 C:\wamp64\www\wiplayer\system\CodeIgniter.php(333): CodeIgniter\CodeIgniter->handleRequest(NULL, Object(Config\Cache), false)
#4 C:\wamp64\www\wiplayer\public\index.php(44): CodeIgniter\CodeIgniter->run()
#5 C:\wamp64\www\wiplayer\system\Commands\Server\rewrite.php(45): require_once('C:\\wamp64\\www\\w...')
#6 {main}
CRITICAL - 2021-04-04 05:45:40 --> Undefined variable: title
#0 C:\wamp64\www\wiplayer\app\Views\welcome_message.php(233): CodeIgniter\Debug\Exceptions->errorHandler(8, 'Undefined varia...', 'C:\\wamp64\\www\\w...', 233, Array)
#1 C:\wamp64\www\wiplayer\system\View\View.php(220): include('C:\\wamp64\\www\\w...')
#2 C:\wamp64\www\wiplayer\system\View\View.php(222): CodeIgniter\View\View->CodeIgniter\View\{closure}()
#3 C:\wamp64\www\wiplayer\system\Common.php(1217): CodeIgniter\View\View->render('welcome_message', Array, true)
#4 C:\wamp64\www\wiplayer\app\Controllers\Home.php(21): view('welcome_message')
#5 C:\wamp64\www\wiplayer\system\CodeIgniter.php(936): App\Controllers\Home->index()
#6 C:\wamp64\www\wiplayer\system\CodeIgniter.php(432): CodeIgniter\CodeIgniter->runController(Object(App\Controllers\Home))
#7 C:\wamp64\www\wiplayer\system\CodeIgniter.php(333): CodeIgniter\CodeIgniter->handleRequest(NULL, Object(Config\Cache), false)
#8 C:\wamp64\www\wiplayer\public\index.php(44): CodeIgniter\CodeIgniter->run()
#9 C:\wamp64\www\wiplayer\system\Commands\Server\rewrite.php(45): require_once('C:\\wamp64\\www\\w...')
#10 {main}
CRITICAL - 2021-04-04 06:28:45 --> Undefined variable: data
#0 C:\wamp64\www\wiplayer\app\Controllers\front_end\Login.php(13): CodeIgniter\Debug\Exceptions->errorHandler(8, 'Undefined varia...', 'C:\\wamp64\\www\\w...', 13, Array)
#1 C:\wamp64\www\wiplayer\system\CodeIgniter.php(936): App\Controllers\front_end\Login->index()
#2 C:\wamp64\www\wiplayer\system\CodeIgniter.php(432): CodeIgniter\CodeIgniter->runController(Object(App\Controllers\front_end\Login))
#3 C:\wamp64\www\wiplayer\system\CodeIgniter.php(333): CodeIgniter\CodeIgniter->handleRequest(NULL, Object(Config\Cache), false)
#4 C:\wamp64\www\wiplayer\public\index.php(44): CodeIgniter\CodeIgniter->run()
#5 C:\wamp64\www\wiplayer\system\Commands\Server\rewrite.php(45): require_once('C:\\wamp64\\www\\w...')
#6 {main}
CRITICAL - 2021-04-04 07:20:56 -->  route cannot be found while reverse-routing.
#0 C:\wamp64\www\wiplayer\system\HTTP\RedirectResponse.php(63): CodeIgniter\HTTP\Exceptions\HTTPException::forInvalidRedirectRoute('')
#1 C:\wamp64\www\wiplayer\system\Common.php(918): CodeIgniter\HTTP\RedirectResponse->route(false)
#2 C:\wamp64\www\wiplayer\app\Controllers\front_end\Login.php(38): redirect('/front_end/logi...')
#3 C:\wamp64\www\wiplayer\system\CodeIgniter.php(936): App\Controllers\front_end\Login->check_login()
#4 C:\wamp64\www\wiplayer\system\CodeIgniter.php(432): CodeIgniter\CodeIgniter->runController(Object(App\Controllers\front_end\Login))
#5 C:\wamp64\www\wiplayer\system\CodeIgniter.php(333): CodeIgniter\CodeIgniter->handleRequest(NULL, Object(Config\Cache), false)
#6 C:\wamp64\www\wiplayer\public\index.php(44): CodeIgniter\CodeIgniter->run()
#7 C:\wamp64\www\wiplayer\system\Commands\Server\rewrite.php(45): require_once('C:\\wamp64\\www\\w...')
#8 {main}
CRITICAL - 2021-04-04 07:28:11 --> Class 'App\Models\Login_model' not found
#0 C:\wamp64\www\wiplayer\system\CodeIgniter.php(908): App\Controllers\front_end\Login->__construct()
#1 C:\wamp64\www\wiplayer\system\CodeIgniter.php(422): CodeIgniter\CodeIgniter->createController()
#2 C:\wamp64\www\wiplayer\system\CodeIgniter.php(333): CodeIgniter\CodeIgniter->handleRequest(NULL, Object(Config\Cache), false)
#3 C:\wamp64\www\wiplayer\public\index.php(44): CodeIgniter\CodeIgniter->run()
#4 C:\wamp64\www\wiplayer\system\Commands\Server\rewrite.php(45): require_once('C:\\wamp64\\www\\w...')
#5 {main}
CRITICAL - 2021-04-04 07:28:29 --> Class 'App\Models\front_end\Login_model' not found
#0 C:\wamp64\www\wiplayer\system\CodeIgniter.php(908): App\Controllers\front_end\Login->__construct()
#1 C:\wamp64\www\wiplayer\system\CodeIgniter.php(422): CodeIgniter\CodeIgniter->createController()
#2 C:\wamp64\www\wiplayer\system\CodeIgniter.php(333): CodeIgniter\CodeIgniter->handleRequest(NULL, Object(Config\Cache), false)
#3 C:\wamp64\www\wiplayer\public\index.php(44): CodeIgniter\CodeIgniter->run()
#4 C:\wamp64\www\wiplayer\system\Commands\Server\rewrite.php(45): require_once('C:\\wamp64\\www\\w...')
#5 {main}
CRITICAL - 2021-04-04 07:28:32 --> Class 'App\Models\front_end\Login_model' not found
#0 C:\wamp64\www\wiplayer\system\CodeIgniter.php(908): App\Controllers\front_end\Login->__construct()
#1 C:\wamp64\www\wiplayer\system\CodeIgniter.php(422): CodeIgniter\CodeIgniter->createController()
#2 C:\wamp64\www\wiplayer\system\CodeIgniter.php(333): CodeIgniter\CodeIgniter->handleRequest(NULL, Object(Config\Cache), false)
#3 C:\wamp64\www\wiplayer\public\index.php(44): CodeIgniter\CodeIgniter->run()
#4 C:\wamp64\www\wiplayer\system\Commands\Server\rewrite.php(45): require_once('C:\\wamp64\\www\\w...')
#5 {main}
CRITICAL - 2021-04-04 07:28:42 --> Class 'App\Models\front_end\Login_model' not found
#0 C:\wamp64\www\wiplayer\system\CodeIgniter.php(908): App\Controllers\front_end\Login->__construct()
#1 C:\wamp64\www\wiplayer\system\CodeIgniter.php(422): CodeIgniter\CodeIgniter->createController()
#2 C:\wamp64\www\wiplayer\system\CodeIgniter.php(333): CodeIgniter\CodeIgniter->handleRequest(NULL, Object(Config\Cache), false)
#3 C:\wamp64\www\wiplayer\public\index.php(44): CodeIgniter\CodeIgniter->run()
#4 C:\wamp64\www\wiplayer\system\Commands\Server\rewrite.php(45): require_once('C:\\wamp64\\www\\w...')
#5 {main}
CRITICAL - 2021-04-04 11:07:22 --> Undefined property: App\Controllers\front_end\Login::$validation
#0 C:\wamp64\www\wiplayer\app\Controllers\front_end\Login.php(33): CodeIgniter\Debug\Exceptions->errorHandler(8, 'Undefined prope...', 'C:\\wamp64\\www\\w...', 33, Array)
#1 C:\wamp64\www\wiplayer\system\CodeIgniter.php(936): App\Controllers\front_end\Login->check_login()
#2 C:\wamp64\www\wiplayer\system\CodeIgniter.php(432): CodeIgniter\CodeIgniter->runController(Object(App\Controllers\front_end\Login))
#3 C:\wamp64\www\wiplayer\system\CodeIgniter.php(333): CodeIgniter\CodeIgniter->handleRequest(NULL, Object(Config\Cache), false)
#4 C:\wamp64\www\wiplayer\public\index.php(44): CodeIgniter\CodeIgniter->run()
#5 C:\wamp64\www\wiplayer\system\Commands\Server\rewrite.php(45): require_once('C:\\wamp64\\www\\w...')
#6 {main}
CRITICAL - 2021-04-04 11:54:49 --> Call to undefined method CodeIgniter\Database\MySQLi\Connection::select()
#0 C:\wamp64\www\wiplayer\app\Controllers\front_end\Login.php(38): App\Models\Login_model->check_login(Array)
#1 C:\wamp64\www\wiplayer\system\CodeIgniter.php(936): App\Controllers\front_end\Login->check_login()
#2 C:\wamp64\www\wiplayer\system\CodeIgniter.php(432): CodeIgniter\CodeIgniter->runController(Object(App\Controllers\front_end\Login))
#3 C:\wamp64\www\wiplayer\system\CodeIgniter.php(333): CodeIgniter\CodeIgniter->handleRequest(NULL, Object(Config\Cache), false)
#4 C:\wamp64\www\wiplayer\public\index.php(44): CodeIgniter\CodeIgniter->run()
#5 C:\wamp64\www\wiplayer\system\Commands\Server\rewrite.php(45): require_once('C:\\wamp64\\www\\w...')
#6 {main}
CRITICAL - 2021-04-04 11:57:06 --> Call to undefined method CodeIgniter\Database\MySQLi\Connection::select()
#0 C:\wamp64\www\wiplayer\app\Controllers\front_end\Login.php(38): App\Models\Login_model->check_login(Array)
#1 C:\wamp64\www\wiplayer\system\CodeIgniter.php(936): App\Controllers\front_end\Login->check_login()
#2 C:\wamp64\www\wiplayer\system\CodeIgniter.php(432): CodeIgniter\CodeIgniter->runController(Object(App\Controllers\front_end\Login))
#3 C:\wamp64\www\wiplayer\system\CodeIgniter.php(333): CodeIgniter\CodeIgniter->handleRequest(NULL, Object(Config\Cache), false)
#4 C:\wamp64\www\wiplayer\public\index.php(44): CodeIgniter\CodeIgniter->run()
#5 C:\wamp64\www\wiplayer\system\Commands\Server\rewrite.php(45): require_once('C:\\wamp64\\www\\w...')
#6 {main}
CRITICAL - 2021-04-04 12:10:33 --> Undefined index: username
#0 C:\wamp64\www\wiplayer\app\Models\front_end\Login_model.php(11): CodeIgniter\Debug\Exceptions->errorHandler(8, 'Undefined index...', 'C:\\wamp64\\www\\w...', 11, Array)
#1 C:\wamp64\www\wiplayer\app\Controllers\front_end\Login.php(38): App\Models\Login_model->check_login(Array)
#2 C:\wamp64\www\wiplayer\system\CodeIgniter.php(936): App\Controllers\front_end\Login->check_login()
#3 C:\wamp64\www\wiplayer\system\CodeIgniter.php(432): CodeIgniter\CodeIgniter->runController(Object(App\Controllers\front_end\Login))
#4 C:\wamp64\www\wiplayer\system\CodeIgniter.php(333): CodeIgniter\CodeIgniter->handleRequest(NULL, Object(Config\Cache), false)
#5 C:\wamp64\www\wiplayer\public\index.php(44): CodeIgniter\CodeIgniter->run()
#6 C:\wamp64\www\wiplayer\system\Commands\Server\rewrite.php(45): require_once('C:\\wamp64\\www\\w...')
#7 {main}
CRITICAL - 2021-04-04 23:57:07 --> Invalid file: user/user_view.php
#0 C:\wamp64\www\wiplayer\system\View\View.php(203): CodeIgniter\Exceptions\FrameworkException::forInvalidFile('user/user_view....')
#1 C:\wamp64\www\wiplayer\system\Common.php(1217): CodeIgniter\View\View->render('user/user_view', Array, true)
#2 C:\wamp64\www\wiplayer\app\Controllers\ironman\User.php(17): view('user/user_view')
#3 C:\wamp64\www\wiplayer\system\CodeIgniter.php(936): App\Controllers\ironman\User->index()
#4 C:\wamp64\www\wiplayer\system\CodeIgniter.php(432): CodeIgniter\CodeIgniter->runController(Object(App\Controllers\ironman\User))
#5 C:\wamp64\www\wiplayer\system\CodeIgniter.php(333): CodeIgniter\CodeIgniter->handleRequest(NULL, Object(Config\Cache), false)
#6 C:\wamp64\www\wiplayer\public\index.php(44): CodeIgniter\CodeIgniter->run()
#7 C:\wamp64\www\wiplayer\system\Commands\Server\rewrite.php(45): require_once('C:\\wamp64\\www\\w...')
#8 {main}
CRITICAL - 2021-04-04 23:57:07 --> Invalid file: user/user_view.php
#0 C:\wamp64\www\wiplayer\system\View\View.php(203): CodeIgniter\Exceptions\FrameworkException::forInvalidFile('user/user_view....')
#1 C:\wamp64\www\wiplayer\system\Common.php(1217): CodeIgniter\View\View->render('user/user_view', Array, true)
#2 C:\wamp64\www\wiplayer\app\Controllers\ironman\User.php(17): view('user/user_view')
#3 C:\wamp64\www\wiplayer\system\CodeIgniter.php(936): App\Controllers\ironman\User->index()
#4 C:\wamp64\www\wiplayer\system\CodeIgniter.php(432): CodeIgniter\CodeIgniter->runController(Object(App\Controllers\ironman\User))
#5 C:\wamp64\www\wiplayer\system\CodeIgniter.php(333): CodeIgniter\CodeIgniter->handleRequest(NULL, Object(Config\Cache), false)
#6 C:\wamp64\www\wiplayer\public\index.php(44): CodeIgniter\CodeIgniter->run()
#7 C:\wamp64\www\wiplayer\system\Commands\Server\rewrite.php(45): require_once('C:\\wamp64\\www\\w...')
#8 {main}
ERROR - 2021-04-04 23:59:58 --> Error connecting to the database: Unknown database 'wiplayer'
CRITICAL - 2021-04-04 23:59:58 --> Unable to connect to the database.
#0 C:\wamp64\www\wiplayer\system\Database\BaseConnection.php(618): CodeIgniter\Database\BaseConnection->initialize()
#1 C:\wamp64\www\wiplayer\system\Database\BaseBuilder.php(1866): CodeIgniter\Database\BaseConnection->query('SELECT *\nFROM `...', Array, false)
#2 C:\wamp64\www\wiplayer\app\Models\front_end\Login_model.php(15): CodeIgniter\Database\BaseBuilder->get()
#3 C:\wamp64\www\wiplayer\app\Controllers\front_end\Login.php(29): App\Models\Login_model->check_login(Array)
#4 C:\wamp64\www\wiplayer\system\CodeIgniter.php(936): App\Controllers\front_end\Login->check_login()
#5 C:\wamp64\www\wiplayer\system\CodeIgniter.php(432): CodeIgniter\CodeIgniter->runController(Object(App\Controllers\front_end\Login))
#6 C:\wamp64\www\wiplayer\system\CodeIgniter.php(333): CodeIgniter\CodeIgniter->handleRequest(NULL, Object(Config\Cache), false)
#7 C:\wamp64\www\wiplayer\public\index.php(44): CodeIgniter\CodeIgniter->run()
#8 C:\wamp64\www\wiplayer\system\Commands\Server\rewrite.php(45): require_once('C:\\wamp64\\www\\w...')
#9 {main}
